
> cadastro-clientes@1.0.0 dev
> node api/index.js

Servidor rodando em http://localhost:3000
Conectado ao banco de dados SQLite
Tabela de clientes pronta
Killed

  #  Node.js[2726]: void node::ResetStdio() at ../src/node.cc:760
  #  Assertion failed: !(err != 0) || (err == -1 && (*__errno_location ()) == 1)

----- Native stack trace -----

 1: 0xf95cf7 node::Assert(node::AssertionInfo const&) [npm run dev]
 2: 0xf42264  [npm run dev]
 3: 0x7fb5e3a45495  [/lib/x86_64-linux-gnu/libc.so.6]
 4: 0x7fb5e3a45610 on_exit [/lib/x86_64-linux-gnu/libc.so.6]
 5: 0xe98a4f node::DefaultProcessExitHandlerInternal(node::Environment*, node::ExitCode) [npm run dev]
 6: 0xf01e4f node::Environment::Exit(node::ExitCode) [npm run dev]
 7: 0x1d755e2  [npm run dev]

  #  Node.js[2726]: void node::ResetStdio() at ../src/node.cc:760
  #  Assertion failed: !(err != 0) || (err == -1 && (*__errno_location ()) == 1)

----- Native stack trace -----

 1: 0xf95cf7 node::Assert(node::AssertionInfo const&) [npm run dev]
 2: 0xf42264  [npm run dev]
 3: 0xf42982 node::TrapWebAssemblyOrContinue(int, siginfo_t*, void*) [npm run dev]
 4: 0x7fb5e3a42520  [/lib/x86_64-linux-gnu/libc.so.6]
 5: 0x1b5f5f4da4e1 
